[0.297s] Invoking command in '/home/godcreator333/HARI_UBUNTU_HOME/Linux_BUILDS/ROS2_E2E_VisualProcessor/build/camera_e2e': CONDA_PROMPT_MODIFIER=(aiml_3.10) PYTHONPATH=/home/godcreator333/HARI_UBUNTU_HOME/Linux_BUILDS/ROS2_E2E_VisualProcessor/build/camera_e2e/prefix_override:/home/godcreator333/HARI_UBUNTU_HOME/Linux_BUILDS/ROS2_E2E_VisualProcessor/install/camera_e2e/lib/python3.10/site-packages:${PYTHONPATH} /usr/bin/python3 -W ignore:setup.py install is deprecated setup.py develop --uninstall --editable --build-directory /home/godcreator333/HARI_UBUNTU_HOME/Linux_BUILDS/ROS2_E2E_VisualProcessor/build/camera_e2e/build
[0.427s] running develop
[0.427s] /usr/lib/python3/dist-packages/setuptools/command/easy_install.py:158: EasyInstallDeprecationWarning: easy_install command is deprecated. Use build and pip and other standards-based tools.
[0.427s]   warnings.warn(
[0.506s] Removing /home/godcreator333/HARI_UBUNTU_HOME/Linux_BUILDS/ROS2_E2E_VisualProcessor/install/camera_e2e/lib/python3.10/site-packages/camera-e2e.egg-link (link to .)
[0.519s] Invoked command in '/home/godcreator333/HARI_UBUNTU_HOME/Linux_BUILDS/ROS2_E2E_VisualProcessor/build/camera_e2e' returned '0': CONDA_PROMPT_MODIFIER=(aiml_3.10) PYTHONPATH=/home/godcreator333/HARI_UBUNTU_HOME/Linux_BUILDS/ROS2_E2E_VisualProcessor/build/camera_e2e/prefix_override:/home/godcreator333/HARI_UBUNTU_HOME/Linux_BUILDS/ROS2_E2E_VisualProcessor/install/camera_e2e/lib/python3.10/site-packages:${PYTHONPATH} /usr/bin/python3 -W ignore:setup.py install is deprecated setup.py develop --uninstall --editable --build-directory /home/godcreator333/HARI_UBUNTU_HOME/Linux_BUILDS/ROS2_E2E_VisualProcessor/build/camera_e2e/build
[0.520s] Invoking command in '/home/godcreator333/HARI_UBUNTU_HOME/Linux_BUILDS/ROS2_E2E_VisualProcessor/src/camera_e2e': CONDA_PROMPT_MODIFIER=(aiml_3.10) PYTHONPATH=/home/godcreator333/HARI_UBUNTU_HOME/Linux_BUILDS/ROS2_E2E_VisualProcessor/build/camera_e2e/prefix_override:/home/godcreator333/HARI_UBUNTU_HOME/Linux_BUILDS/ROS2_E2E_VisualProcessor/install/camera_e2e/lib/python3.10/site-packages:${PYTHONPATH} /usr/bin/python3 -W ignore:setup.py install is deprecated setup.py egg_info --egg-base ../../build/camera_e2e build --build-base /home/godcreator333/HARI_UBUNTU_HOME/Linux_BUILDS/ROS2_E2E_VisualProcessor/build/camera_e2e/build install --record /home/godcreator333/HARI_UBUNTU_HOME/Linux_BUILDS/ROS2_E2E_VisualProcessor/build/camera_e2e/install.log --single-version-externally-managed install_data --force
[0.640s] running egg_info
[0.640s] writing ../../build/camera_e2e/camera_e2e.egg-info/PKG-INFO
[0.640s] writing dependency_links to ../../build/camera_e2e/camera_e2e.egg-info/dependency_links.txt
[0.640s] writing entry points to ../../build/camera_e2e/camera_e2e.egg-info/entry_points.txt
[0.641s] writing requirements to ../../build/camera_e2e/camera_e2e.egg-info/requires.txt
[0.641s] writing top-level names to ../../build/camera_e2e/camera_e2e.egg-info/top_level.txt
[0.641s] reading manifest file '../../build/camera_e2e/camera_e2e.egg-info/SOURCES.txt'
[0.642s] writing manifest file '../../build/camera_e2e/camera_e2e.egg-info/SOURCES.txt'
[0.642s] running build
[0.642s] running build_py
[0.642s] copying camera_e2e/camera_node.py -> /home/godcreator333/HARI_UBUNTU_HOME/Linux_BUILDS/ROS2_E2E_VisualProcessor/build/camera_e2e/build/lib/camera_e2e
[0.643s] running install
[0.643s] running install_lib
[0.643s] creating /home/godcreator333/HARI_UBUNTU_HOME/Linux_BUILDS/ROS2_E2E_VisualProcessor/install/camera_e2e/lib/python3.10/site-packages/camera_e2e
[0.643s] copying /home/godcreator333/HARI_UBUNTU_HOME/Linux_BUILDS/ROS2_E2E_VisualProcessor/build/camera_e2e/build/lib/camera_e2e/__init__.py -> /home/godcreator333/HARI_UBUNTU_HOME/Linux_BUILDS/ROS2_E2E_VisualProcessor/install/camera_e2e/lib/python3.10/site-packages/camera_e2e
[0.643s] copying /home/godcreator333/HARI_UBUNTU_HOME/Linux_BUILDS/ROS2_E2E_VisualProcessor/build/camera_e2e/build/lib/camera_e2e/camera_node.py -> /home/godcreator333/HARI_UBUNTU_HOME/Linux_BUILDS/ROS2_E2E_VisualProcessor/install/camera_e2e/lib/python3.10/site-packages/camera_e2e
[0.643s] byte-compiling /home/godcreator333/HARI_UBUNTU_HOME/Linux_BUILDS/ROS2_E2E_VisualProcessor/install/camera_e2e/lib/python3.10/site-packages/camera_e2e/__init__.py to __init__.cpython-310.pyc
[0.643s] byte-compiling /home/godcreator333/HARI_UBUNTU_HOME/Linux_BUILDS/ROS2_E2E_VisualProcessor/install/camera_e2e/lib/python3.10/site-packages/camera_e2e/camera_node.py to camera_node.cpython-310.pyc
[0.644s] running install_data
[0.644s] copying resource/camera_e2e -> /home/godcreator333/HARI_UBUNTU_HOME/Linux_BUILDS/ROS2_E2E_VisualProcessor/install/camera_e2e/share/ament_index/resource_index/packages
[0.644s] copying package.xml -> /home/godcreator333/HARI_UBUNTU_HOME/Linux_BUILDS/ROS2_E2E_VisualProcessor/install/camera_e2e/share/camera_e2e
[0.644s] running install_egg_info
[0.645s] Copying ../../build/camera_e2e/camera_e2e.egg-info to /home/godcreator333/HARI_UBUNTU_HOME/Linux_BUILDS/ROS2_E2E_VisualProcessor/install/camera_e2e/lib/python3.10/site-packages/camera_e2e-0.0.0-py3.10.egg-info
[0.645s] running install_scripts
[0.655s] Installing camera_node script to /home/godcreator333/HARI_UBUNTU_HOME/Linux_BUILDS/ROS2_E2E_VisualProcessor/install/camera_e2e/lib/camera_e2e
[0.656s] writing list of installed files to '/home/godcreator333/HARI_UBUNTU_HOME/Linux_BUILDS/ROS2_E2E_VisualProcessor/build/camera_e2e/install.log'
[0.666s] Invoked command in '/home/godcreator333/HARI_UBUNTU_HOME/Linux_BUILDS/ROS2_E2E_VisualProcessor/src/camera_e2e' returned '0': CONDA_PROMPT_MODIFIER=(aiml_3.10) PYTHONPATH=/home/godcreator333/HARI_UBUNTU_HOME/Linux_BUILDS/ROS2_E2E_VisualProcessor/build/camera_e2e/prefix_override:/home/godcreator333/HARI_UBUNTU_HOME/Linux_BUILDS/ROS2_E2E_VisualProcessor/install/camera_e2e/lib/python3.10/site-packages:${PYTHONPATH} /usr/bin/python3 -W ignore:setup.py install is deprecated setup.py egg_info --egg-base ../../build/camera_e2e build --build-base /home/godcreator333/HARI_UBUNTU_HOME/Linux_BUILDS/ROS2_E2E_VisualProcessor/build/camera_e2e/build install --record /home/godcreator333/HARI_UBUNTU_HOME/Linux_BUILDS/ROS2_E2E_VisualProcessor/build/camera_e2e/install.log --single-version-externally-managed install_data --force
