running egg_info
creating ../../build/camera_e2e/camera_e2e.egg-info
writing ../../build/camera_e2e/camera_e2e.egg-info/PKG-INFO
writing dependency_links to ../../build/camera_e2e/camera_e2e.egg-info/dependency_links.txt
writing entry points to ../../build/camera_e2e/camera_e2e.egg-info/entry_points.txt
writing requirements to ../../build/camera_e2e/camera_e2e.egg-info/requires.txt
writing top-level names to ../../build/camera_e2e/camera_e2e.egg-info/top_level.txt
writing manifest file '../../build/camera_e2e/camera_e2e.egg-info/SOURCES.txt'
reading manifest file '../../build/camera_e2e/camera_e2e.egg-info/SOURCES.txt'
writing manifest file '../../build/camera_e2e/camera_e2e.egg-info/SOURCES.txt'
running build
running build_py
creating /home/godcreator333/HARI_UBUNTU_HOME/Linux_BUILDS/ROS2_E2E_VisualProcessor/build/camera_e2e/build
creating /home/godcreator333/HARI_UBUNTU_HOME/Linux_BUILDS/ROS2_E2E_VisualProcessor/build/camera_e2e/build/lib
creating /home/godcreator333/HARI_UBUNTU_HOME/Linux_BUILDS/ROS2_E2E_VisualProcessor/build/camera_e2e/build/lib/camera_e2e
copying camera_e2e/__init__.py -> /home/godcreator333/HARI_UBUNTU_HOME/Linux_BUILDS/ROS2_E2E_VisualProcessor/build/camera_e2e/build/lib/camera_e2e
running install
running install_lib
creating /home/godcreator333/HARI_UBUNTU_HOME/Linux_BUILDS/ROS2_E2E_VisualProcessor/install/camera_e2e/lib/python3.10/site-packages/camera_e2e
copying /home/godcreator333/HARI_UBUNTU_HOME/Linux_BUILDS/ROS2_E2E_VisualProcessor/build/camera_e2e/build/lib/camera_e2e/__init__.py -> /home/godcreator333/HARI_UBUNTU_HOME/Linux_BUILDS/ROS2_E2E_VisualProcessor/install/camera_e2e/lib/python3.10/site-packages/camera_e2e
byte-compiling /home/godcreator333/HARI_UBUNTU_HOME/Linux_BUILDS/ROS2_E2E_VisualProcessor/install/camera_e2e/lib/python3.10/site-packages/camera_e2e/__init__.py to __init__.cpython-310.pyc
running install_data
creating /home/godcreator333/HARI_UBUNTU_HOME/Linux_BUILDS/ROS2_E2E_VisualProcessor/install/camera_e2e/share/ament_index
creating /home/godcreator333/HARI_UBUNTU_HOME/Linux_BUILDS/ROS2_E2E_VisualProcessor/install/camera_e2e/share/ament_index/resource_index
creating /home/godcreator333/HARI_UBUNTU_HOME/Linux_BUILDS/ROS2_E2E_VisualProcessor/install/camera_e2e/share/ament_index/resource_index/packages
copying resource/camera_e2e -> /home/godcreator333/HARI_UBUNTU_HOME/Linux_BUILDS/ROS2_E2E_VisualProcessor/install/camera_e2e/share/ament_index/resource_index/packages
copying package.xml -> /home/godcreator333/HARI_UBUNTU_HOME/Linux_BUILDS/ROS2_E2E_VisualProcessor/install/camera_e2e/share/camera_e2e
running install_egg_info
Copying ../../build/camera_e2e/camera_e2e.egg-info to /home/godcreator333/HARI_UBUNTU_HOME/Linux_BUILDS/ROS2_E2E_VisualProcessor/install/camera_e2e/lib/python3.10/site-packages/camera_e2e-0.0.0-py3.10.egg-info
running install_scripts
writing list of installed files to '/home/godcreator333/HARI_UBUNTU_HOME/Linux_BUILDS/ROS2_E2E_VisualProcessor/build/camera_e2e/install.log'
