[0.257s] Invoking command in '/home/godcreator333/HARI_UBUNTU_HOME/Linux_BUILDS/ROS2_E2E_VisualProcessor/src/camera_e2e': PYTHONPATH=/home/godcreator333/HARI_UBUNTU_HOME/Linux_BUILDS/ROS2_E2E_VisualProcessor/build/camera_e2e/prefix_override:/home/godcreator333/HARI_UBUNTU_HOME/Linux_BUILDS/ROS2_E2E_VisualProcessor/install/camera_e2e/lib/python3.10/site-packages:${PYTHONPATH} /usr/bin/python3 -W ignore:setup.py install is deprecated setup.py egg_info --egg-base ../../build/camera_e2e build --build-base /home/godcreator333/HARI_UBUNTU_HOME/Linux_BUILDS/ROS2_E2E_VisualProcessor/build/camera_e2e/build install --record /home/godcreator333/HARI_UBUNTU_HOME/Linux_BUILDS/ROS2_E2E_VisualProcessor/build/camera_e2e/install.log --single-version-externally-managed install_data
[0.358s] running egg_info
[0.359s] creating ../../build/camera_e2e/camera_e2e.egg-info
[0.359s] writing ../../build/camera_e2e/camera_e2e.egg-info/PKG-INFO
[0.359s] writing dependency_links to ../../build/camera_e2e/camera_e2e.egg-info/dependency_links.txt
[0.359s] writing entry points to ../../build/camera_e2e/camera_e2e.egg-info/entry_points.txt
[0.359s] writing requirements to ../../build/camera_e2e/camera_e2e.egg-info/requires.txt
[0.359s] writing top-level names to ../../build/camera_e2e/camera_e2e.egg-info/top_level.txt
[0.359s] writing manifest file '../../build/camera_e2e/camera_e2e.egg-info/SOURCES.txt'
[0.360s] reading manifest file '../../build/camera_e2e/camera_e2e.egg-info/SOURCES.txt'
[0.360s] writing manifest file '../../build/camera_e2e/camera_e2e.egg-info/SOURCES.txt'
[0.360s] running build
[0.360s] running build_py
[0.360s] creating /home/godcreator333/HARI_UBUNTU_HOME/Linux_BUILDS/ROS2_E2E_VisualProcessor/build/camera_e2e/build
[0.360s] creating /home/godcreator333/HARI_UBUNTU_HOME/Linux_BUILDS/ROS2_E2E_VisualProcessor/build/camera_e2e/build/lib
[0.360s] creating /home/godcreator333/HARI_UBUNTU_HOME/Linux_BUILDS/ROS2_E2E_VisualProcessor/build/camera_e2e/build/lib/camera_e2e
[0.360s] copying camera_e2e/__init__.py -> /home/godcreator333/HARI_UBUNTU_HOME/Linux_BUILDS/ROS2_E2E_VisualProcessor/build/camera_e2e/build/lib/camera_e2e
[0.360s] running install
[0.360s] running install_lib
[0.361s] creating /home/godcreator333/HARI_UBUNTU_HOME/Linux_BUILDS/ROS2_E2E_VisualProcessor/install/camera_e2e/lib/python3.10/site-packages/camera_e2e
[0.361s] copying /home/godcreator333/HARI_UBUNTU_HOME/Linux_BUILDS/ROS2_E2E_VisualProcessor/build/camera_e2e/build/lib/camera_e2e/__init__.py -> /home/godcreator333/HARI_UBUNTU_HOME/Linux_BUILDS/ROS2_E2E_VisualProcessor/install/camera_e2e/lib/python3.10/site-packages/camera_e2e
[0.361s] byte-compiling /home/godcreator333/HARI_UBUNTU_HOME/Linux_BUILDS/ROS2_E2E_VisualProcessor/install/camera_e2e/lib/python3.10/site-packages/camera_e2e/__init__.py to __init__.cpython-310.pyc
[0.361s] running install_data
[0.361s] creating /home/godcreator333/HARI_UBUNTU_HOME/Linux_BUILDS/ROS2_E2E_VisualProcessor/install/camera_e2e/share/ament_index
[0.361s] creating /home/godcreator333/HARI_UBUNTU_HOME/Linux_BUILDS/ROS2_E2E_VisualProcessor/install/camera_e2e/share/ament_index/resource_index
[0.361s] creating /home/godcreator333/HARI_UBUNTU_HOME/Linux_BUILDS/ROS2_E2E_VisualProcessor/install/camera_e2e/share/ament_index/resource_index/packages
[0.361s] copying resource/camera_e2e -> /home/godcreator333/HARI_UBUNTU_HOME/Linux_BUILDS/ROS2_E2E_VisualProcessor/install/camera_e2e/share/ament_index/resource_index/packages
[0.361s] copying package.xml -> /home/godcreator333/HARI_UBUNTU_HOME/Linux_BUILDS/ROS2_E2E_VisualProcessor/install/camera_e2e/share/camera_e2e
[0.361s] running install_egg_info
[0.362s] Copying ../../build/camera_e2e/camera_e2e.egg-info to /home/godcreator333/HARI_UBUNTU_HOME/Linux_BUILDS/ROS2_E2E_VisualProcessor/install/camera_e2e/lib/python3.10/site-packages/camera_e2e-0.0.0-py3.10.egg-info
[0.363s] running install_scripts
[0.372s] writing list of installed files to '/home/godcreator333/HARI_UBUNTU_HOME/Linux_BUILDS/ROS2_E2E_VisualProcessor/build/camera_e2e/install.log'
[0.382s] Invoked command in '/home/godcreator333/HARI_UBUNTU_HOME/Linux_BUILDS/ROS2_E2E_VisualProcessor/src/camera_e2e' returned '0': PYTHONPATH=/home/godcreator333/HARI_UBUNTU_HOME/Linux_BUILDS/ROS2_E2E_VisualProcessor/build/camera_e2e/prefix_override:/home/godcreator333/HARI_UBUNTU_HOME/Linux_BUILDS/ROS2_E2E_VisualProcessor/install/camera_e2e/lib/python3.10/site-packages:${PYTHONPATH} /usr/bin/python3 -W ignore:setup.py install is deprecated setup.py egg_info --egg-base ../../build/camera_e2e build --build-base /home/godcreator333/HARI_UBUNTU_HOME/Linux_BUILDS/ROS2_E2E_VisualProcessor/build/camera_e2e/build install --record /home/godcreator333/HARI_UBUNTU_HOME/Linux_BUILDS/ROS2_E2E_VisualProcessor/build/camera_e2e/install.log --single-version-externally-managed install_data
