running egg_info
writing ../../build/camera_e2e/camera_e2e.egg-info/PKG-INFO
writing dependency_links to ../../build/camera_e2e/camera_e2e.egg-info/dependency_links.txt
writing entry points to ../../build/camera_e2e/camera_e2e.egg-info/entry_points.txt
writing requirements to ../../build/camera_e2e/camera_e2e.egg-info/requires.txt
writing top-level names to ../../build/camera_e2e/camera_e2e.egg-info/top_level.txt
reading manifest file '../../build/camera_e2e/camera_e2e.egg-info/SOURCES.txt'
writing manifest file '../../build/camera_e2e/camera_e2e.egg-info/SOURCES.txt'
running build
running build_py
copying camera_e2e/camera_node.py -> /home/godcreator333/HARI_UBUNTU_HOME/Linux_BUILDS/ROS2_E2E_VisualProcessor/build/camera_e2e/build/lib/camera_e2e
running install
running install_lib
copying /home/godcreator333/HARI_UBUNTU_HOME/Linux_BUILDS/ROS2_E2E_VisualProcessor/build/camera_e2e/build/lib/camera_e2e/camera_node.py -> /home/godcreator333/HARI_UBUNTU_HOME/Linux_BUILDS/ROS2_E2E_VisualProcessor/install/camera_e2e/lib/python3.10/site-packages/camera_e2e
byte-compiling /home/godcreator333/HARI_UBUNTU_HOME/Linux_BUILDS/ROS2_E2E_VisualProcessor/install/camera_e2e/lib/python3.10/site-packages/camera_e2e/camera_node.py to camera_node.cpython-310.pyc
running install_data
running install_egg_info
removing '/home/godcreator333/HARI_UBUNTU_HOME/Linux_BUILDS/ROS2_E2E_VisualProcessor/install/camera_e2e/lib/python3.10/site-packages/camera_e2e-0.0.0-py3.10.egg-info' (and everything under it)
Copying ../../build/camera_e2e/camera_e2e.egg-info to /home/godcreator333/HARI_UBUNTU_HOME/Linux_BUILDS/ROS2_E2E_VisualProcessor/install/camera_e2e/lib/python3.10/site-packages/camera_e2e-0.0.0-py3.10.egg-info
running install_scripts
writing list of installed files to '/home/godcreator333/HARI_UBUNTU_HOME/Linux_BUILDS/ROS2_E2E_VisualProcessor/build/camera_e2e/install.log'
