[0.257s] Invoking command in '/home/godcreator333/HARI_UBUNTU_HOME/Linux_BUILDS/ROS2_E2E_VisualProcessor/src/camera_e2e': PYTHONPATH=/home/godcreator333/HARI_UBUNTU_HOME/Linux_BUILDS/ROS2_E2E_VisualProcessor/build/camera_e2e/prefix_override:/home/godcreator333/HARI_UBUNTU_HOME/Linux_BUILDS/ROS2_E2E_VisualProcessor/install/camera_e2e/lib/python3.10/site-packages:${PYTHONPATH} /usr/bin/python3 -W ignore:setup.py install is deprecated setup.py egg_info --egg-base ../../build/camera_e2e build --build-base /home/godcreator333/HARI_UBUNTU_HOME/Linux_BUILDS/ROS2_E2E_VisualProcessor/build/camera_e2e/build install --record /home/godcreator333/HARI_UBUNTU_HOME/Linux_BUILDS/ROS2_E2E_VisualProcessor/build/camera_e2e/install.log --single-version-externally-managed install_data
[0.359s] running egg_info
[0.359s] writing ../../build/camera_e2e/camera_e2e.egg-info/PKG-INFO
[0.360s] writing dependency_links to ../../build/camera_e2e/camera_e2e.egg-info/dependency_links.txt
[0.360s] writing entry points to ../../build/camera_e2e/camera_e2e.egg-info/entry_points.txt
[0.360s] writing requirements to ../../build/camera_e2e/camera_e2e.egg-info/requires.txt
[0.360s] writing top-level names to ../../build/camera_e2e/camera_e2e.egg-info/top_level.txt
[0.361s] reading manifest file '../../build/camera_e2e/camera_e2e.egg-info/SOURCES.txt'
[0.361s] writing manifest file '../../build/camera_e2e/camera_e2e.egg-info/SOURCES.txt'
[0.361s] running build
[0.361s] running build_py
[0.361s] copying camera_e2e/camera_node.py -> /home/godcreator333/HARI_UBUNTU_HOME/Linux_BUILDS/ROS2_E2E_VisualProcessor/build/camera_e2e/build/lib/camera_e2e
[0.361s] running install
[0.361s] running install_lib
[0.362s] copying /home/godcreator333/HARI_UBUNTU_HOME/Linux_BUILDS/ROS2_E2E_VisualProcessor/build/camera_e2e/build/lib/camera_e2e/camera_node.py -> /home/godcreator333/HARI_UBUNTU_HOME/Linux_BUILDS/ROS2_E2E_VisualProcessor/install/camera_e2e/lib/python3.10/site-packages/camera_e2e
[0.362s] byte-compiling /home/godcreator333/HARI_UBUNTU_HOME/Linux_BUILDS/ROS2_E2E_VisualProcessor/install/camera_e2e/lib/python3.10/site-packages/camera_e2e/camera_node.py to camera_node.cpython-310.pyc
[0.362s] running install_data
[0.362s] running install_egg_info
[0.363s] removing '/home/godcreator333/HARI_UBUNTU_HOME/Linux_BUILDS/ROS2_E2E_VisualProcessor/install/camera_e2e/lib/python3.10/site-packages/camera_e2e-0.0.0-py3.10.egg-info' (and everything under it)
[0.363s] Copying ../../build/camera_e2e/camera_e2e.egg-info to /home/godcreator333/HARI_UBUNTU_HOME/Linux_BUILDS/ROS2_E2E_VisualProcessor/install/camera_e2e/lib/python3.10/site-packages/camera_e2e-0.0.0-py3.10.egg-info
[0.364s] running install_scripts
[0.374s] writing list of installed files to '/home/godcreator333/HARI_UBUNTU_HOME/Linux_BUILDS/ROS2_E2E_VisualProcessor/build/camera_e2e/install.log'
[0.384s] Invoked command in '/home/godcreator333/HARI_UBUNTU_HOME/Linux_BUILDS/ROS2_E2E_VisualProcessor/src/camera_e2e' returned '0': PYTHONPATH=/home/godcreator333/HARI_UBUNTU_HOME/Linux_BUILDS/ROS2_E2E_VisualProcessor/build/camera_e2e/prefix_override:/home/godcreator333/HARI_UBUNTU_HOME/Linux_BUILDS/ROS2_E2E_VisualProcessor/install/camera_e2e/lib/python3.10/site-packages:${PYTHONPATH} /usr/bin/python3 -W ignore:setup.py install is deprecated setup.py egg_info --egg-base ../../build/camera_e2e build --build-base /home/godcreator333/HARI_UBUNTU_HOME/Linux_BUILDS/ROS2_E2E_VisualProcessor/build/camera_e2e/build install --record /home/godcreator333/HARI_UBUNTU_HOME/Linux_BUILDS/ROS2_E2E_VisualProcessor/build/camera_e2e/install.log --single-version-externally-managed install_data
